<?xml version="1.0" encoding="UTF-8"?>
<testsuite name="org.anle.SimpleTest" tests="1" skipped="0" failures="0" errors="0" timestamp="2025-03-01T10:52:36" hostname="DESKTOP-K764CDJ" time="0.042">
  <properties/>
  <testcase name="test()" classname="org.anle.SimpleTest" time="0.042"/>
  <system-out><![CDATA[]]></system-out>
  <system-err><![CDATA[]]></system-err>
</testsuite>
